<?xml version='1.0' encoding='UTF-8'?>
<testsuite hostname="Chus-MacBook-Pro.local" name="sutd.compiler.simp.TestParser" tests="4" errors="0" failures="0" skipped="0" time="0.013" timestamp="2025-11-09T21:11:47">
          <properties>
[...]
</properties>
          <testcase classname="sutd.compiler.simp.TestParser" name="test p_spaces: parsing 0 spaces" time="0.009">
                      
                    </testcase><testcase classname="sutd.compiler.simp.TestParser" name="test p_spaces: parsing 3 spaces" time="0.003">
                      
                    </testcase><testcase classname="sutd.compiler.simp.TestParser" name="test p_spaces: parsing 3 tabs" time="0.0">
                      
                    </testcase><testcase classname="sutd.compiler.simp.TestParser" name="test p_spaces: should not parse id" time="0.001">
                      
                    </testcase>
          <system-out><![CDATA[]]></system-out>
          <system-err><![CDATA[]]></system-err>
        </testsuite>